TN:
SF:c:\Users\SmikleSmak\Documents\GitHub\xmpp.org\xmpp.org-theme\Gruntfile.js
FN:1,(anonymous_0)
FNF:1
FNH:0
FNDA:0,(anonymous_0)
DA:1,0
DA:2,0
DA:29,0
DA:30,0
DA:32,0
DA:33,0
LF:6
LH:0
BRF:0
BRH:0
end_of_record
TN:
SF:c:\Users\SmikleSmak\Documents\GitHub\xmpp.org\xmpp.org-theme\static\js\foundation.js
FN:9,(anonymous_0)
FN:12,(anonymous_1)
FN:14,(anonymous_2)
FN:35,(anonymous_3)
FN:47,(anonymous_4)
FN:70,(anonymous_5)
FN:83,(anonymous_6)
FN:105,(anonymous_7)
FN:107,(anonymous_8)
FN:129,(anonymous_9)
FN:130,loaded
FN:134,bindLoad
FN:160,(anonymous_12)
FN:181,(anonymous_13)
FN:197,(anonymous_14)
FN:214,(anonymous_15)
FN:236,raf
FN:252,(anonymous_17)
FN:259,(anonymous_18)
FN:265,(anonymous_19)
FN:268,(anonymous_20)
FN:275,(anonymous_21)
FN:283,removeQuotes
FN:291,MediaQuery
FN:296,(anonymous_24)
FN:323,(anonymous_25)
FN:345,(anonymous_26)
FN:360,(anonymous_27)
FN:377,(anonymous_28)
FN:380,(anonymous_29)
FN:391,(anonymous_30)
FN:402,(anonymous_31)
FN:455,(anonymous_32)
FN:458,(anonymous_33)
FN:462,(anonymous_34)
FN:484,(anonymous_35)
FN:486,(anonymous_36)
FN:488,(anonymous_37)
FN:513,(anonymous_38)
FN:516,(anonymous_39)
FN:535,isNumber
FN:539,trim
FN:580,(anonymous_42)
FN:595,(anonymous_43)
FN:615,(anonymous_44)
FN:619,pictures_has_height
FN:635,(anonymous_46)
FN:636,(anonymous_47)
FN:654,(anonymous_48)
FN:671,(anonymous_49)
FN:681,(anonymous_50)
FN:685,(anonymous_51)
FN:689,(anonymous_52)
FN:693,(anonymous_53)
FN:697,(anonymous_54)
FN:701,(anonymous_55)
FN:705,(anonymous_56)
FN:709,(anonymous_57)
FN:713,(anonymous_58)
FN:717,(anonymous_59)
FN:723,(anonymous_60)
FN:726,(anonymous_61)
FNF:62
FNH:0
FNDA:0,(anonymous_0)
FNDA:0,(anonymous_1)
FNDA:0,(anonymous_2)
FNDA:0,(anonymous_3)
FNDA:0,(anonymous_4)
FNDA:0,(anonymous_5)
FNDA:0,(anonymous_6)
FNDA:0,(anonymous_7)
FNDA:0,(anonymous_8)
FNDA:0,(anonymous_9)
FNDA:0,loaded
FNDA:0,bindLoad
FNDA:0,(anonymous_12)
FNDA:0,(anonymous_13)
FNDA:0,(anonymous_14)
FNDA:0,(anonymous_15)
FNDA:0,raf
FNDA:0,(anonymous_17)
FNDA:0,(anonymous_18)
FNDA:0,(anonymous_19)
FNDA:0,(anonymous_20)
FNDA:0,(anonymous_21)
FNDA:0,removeQuotes
FNDA:0,MediaQuery
FNDA:0,(anonymous_24)
FNDA:0,(anonymous_25)
FNDA:0,(anonymous_26)
FNDA:0,(anonymous_27)
FNDA:0,(anonymous_28)
FNDA:0,(anonymous_29)
FNDA:0,(anonymous_30)
FNDA:0,(anonymous_31)
FNDA:0,(anonymous_32)
FNDA:0,(anonymous_33)
FNDA:0,(anonymous_34)
FNDA:0,(anonymous_35)
FNDA:0,(anonymous_36)
FNDA:0,(anonymous_37)
FNDA:0,(anonymous_38)
FNDA:0,(anonymous_39)
FNDA:0,isNumber
FNDA:0,trim
FNDA:0,(anonymous_42)
FNDA:0,(anonymous_43)
FNDA:0,(anonymous_44)
FNDA:0,pictures_has_height
FNDA:0,(anonymous_46)
FNDA:0,(anonymous_47)
FNDA:0,(anonymous_48)
FNDA:0,(anonymous_49)
FNDA:0,(anonymous_50)
FNDA:0,(anonymous_51)
FNDA:0,(anonymous_52)
FNDA:0,(anonymous_53)
FNDA:0,(anonymous_54)
FNDA:0,(anonymous_55)
FNDA:0,(anonymous_56)
FNDA:0,(anonymous_57)
FNDA:0,(anonymous_58)
FNDA:0,(anonymous_59)
FNDA:0,(anonymous_60)
FNDA:0,(anonymous_61)
DA:9,0
DA:12,0
DA:13,0
DA:14,0
DA:15,0
DA:16,0
DA:21,0
DA:35,0
DA:36,0
DA:38,0
DA:39,0
DA:47,0
DA:48,0
DA:49,0
DA:51,0
DA:52,0
DA:53,0
DA:54,0
DA:57,0
DA:59,0
DA:62,0
DA:65,0
DA:70,0
DA:71,0
DA:72,0
DA:73,0
DA:75,0
DA:76,0
DA:78,0
DA:80,0
DA:83,0
DA:84,0
DA:85,0
DA:86,0
DA:88,0
DA:89,0
DA:90,0
DA:92,0
DA:93,0
DA:95,0
DA:100,0
DA:105,0
DA:106,0
DA:107,0
DA:108,0
DA:109,0
DA:110,0
DA:112,0
DA:113,0
DA:117,0
DA:118,0
DA:120,0
DA:123,0
DA:124,0
DA:129,0
DA:131,0
DA:135,0
DA:137,0
DA:138,0
DA:139,0
DA:141,0
DA:142,0
DA:146,0
DA:147,0
DA:148,0
DA:151,0
DA:152,0
DA:154,0
DA:160,0
DA:164,0
DA:167,0
DA:168,0
DA:169,0
DA:170,0
DA:172,0
DA:173,0
DA:175,0
DA:178,0
DA:180,0
DA:182,0
DA:185,0
DA:186,0
DA:188,0
DA:192,0
DA:197,0
DA:198,0
DA:214,0
DA:223,0
DA:224,0
DA:225,0
DA:226,0
DA:227,0
DA:229,0
DA:230,0
DA:231,0
DA:237,0
DA:238,0
DA:240,0
DA:241,0
DA:246,0
DA:248,0
DA:249,0
DA:251,0
DA:252,0
DA:253,0
DA:254,0
DA:255,0
DA:259,0
DA:260,0
DA:265,0
DA:266,0
DA:267,0
DA:268,0
DA:269,0
DA:271,0
DA:272,0
DA:275,0
DA:276,0
DA:284,0
DA:285,0
DA:288,0
DA:292,0
DA:293,0
DA:296,0
DA:297,0
DA:300,0
DA:324,0
DA:325,0
DA:328,0
DA:331,0
DA:333,0
DA:335,0
DA:336,0
DA:337,0
DA:340,0
DA:341,0
DA:345,0
DA:346,0
DA:357,0
DA:361,0
DA:362,0
DA:364,0
DA:365,0
DA:366,0
DA:367,0
DA:368,0
DA:370,0
DA:373,0
DA:374,0
DA:377,0
DA:381,0
DA:382,0
DA:383,0
DA:384,0
DA:385,0
DA:386,0
DA:387,0
DA:388,0
DA:392,0
DA:393,0
DA:395,0
DA:396,0
DA:397,0
DA:417,0
DA:421,0
DA:456,0
DA:458,0
DA:459,0
DA:461,0
DA:462,0
DA:463,0
DA:464,0
DA:486,0
DA:487,0
DA:488,0
DA:489,0
DA:490,0
DA:491,0
DA:494,0
DA:495,0
DA:496,0
DA:497,0
DA:498,0
DA:500,0
DA:514,0
DA:515,0
DA:516,0
DA:517,0
DA:519,0
DA:520,0
DA:523,0
DA:526,0
DA:528,0
DA:529,0
DA:532,0
DA:533,0
DA:536,0
DA:540,0
DA:541,0
DA:543,0
DA:546,0
DA:547,0
DA:548,0
DA:550,0
DA:551,0
DA:553,0
DA:554,0
DA:556,0
DA:557,0
DA:558,0
DA:560,0
DA:564,0
DA:565,0
DA:569,0
DA:581,0
DA:582,0
DA:583,0
DA:596,0
DA:597,0
DA:599,0
DA:601,0
DA:602,0
DA:616,0
DA:617,0
DA:620,0
DA:622,0
DA:623,0
DA:624,0
DA:628,0
DA:631,0
DA:632,0
DA:635,0
DA:636,0
DA:637,0
DA:638,0
DA:639,0
DA:655,0
DA:656,0
DA:658,0
DA:660,0
DA:672,0
DA:682,0
DA:686,0
DA:690,0
DA:694,0
DA:698,0
DA:702,0
DA:706,0
DA:710,0
DA:714,0
DA:718,0
DA:723,0
DA:724,0
DA:726,0
DA:727,0
DA:728,0
LF:256
LH:0
BRDA:15,0,0,0
BRDA:15,0,1,0
BRDA:36,1,0,0
BRDA:36,1,1,0
BRDA:38,2,0,0
BRDA:38,2,1,0
BRDA:48,3,0,0
BRDA:48,3,1,0
BRDA:49,4,0,0
BRDA:49,4,1,0
BRDA:51,5,0,0
BRDA:51,5,1,0
BRDA:53,6,0,0
BRDA:53,6,1,0
BRDA:72,7,0,0
BRDA:72,7,1,0
BRDA:75,8,0,0
BRDA:75,8,1,0
BRDA:89,9,0,0
BRDA:89,9,1,0
BRDA:92,10,0,0
BRDA:92,10,1,0
BRDA:110,11,0,0
BRDA:110,11,1,0
BRDA:112,12,0,0
BRDA:112,12,1,0
BRDA:117,13,0,0
BRDA:117,13,1,0
BRDA:123,14,0,0
BRDA:123,14,1,0
BRDA:137,15,0,0
BRDA:137,15,1,0
BRDA:139,16,0,0
BRDA:139,16,1,0
BRDA:146,17,0,0
BRDA:146,17,1,0
BRDA:151,18,0,0
BRDA:151,18,1,0
BRDA:151,19,0,0
BRDA:151,19,1,0
BRDA:160,20,0,0
BRDA:160,20,1,0
BRDA:164,21,0,0
BRDA:164,21,1,0
BRDA:167,22,0,0
BRDA:167,22,1,0
BRDA:178,23,0,0
BRDA:178,23,1,0
BRDA:178,23,2,0
BRDA:185,24,0,0
BRDA:185,24,1,0
BRDA:199,25,0,0
BRDA:199,25,1,0
BRDA:200,26,0,0
BRDA:200,26,1,0
BRDA:229,27,0,0
BRDA:229,27,1,0
BRDA:231,28,0,0
BRDA:231,28,1,0
BRDA:231,28,2,0
BRDA:237,29,0,0
BRDA:237,29,1,0
BRDA:240,30,0,0
BRDA:240,30,1,0
BRDA:246,31,0,0
BRDA:246,31,1,0
BRDA:251,32,0,0
BRDA:251,32,1,0
BRDA:253,33,0,0
BRDA:253,33,1,0
BRDA:253,34,0,0
BRDA:253,34,1,0
BRDA:253,34,2,0
BRDA:284,35,0,0
BRDA:284,35,1,0
BRDA:284,36,0,0
BRDA:284,36,1,0
BRDA:297,37,0,0
BRDA:297,37,1,0
BRDA:331,38,0,0
BRDA:331,38,1,0
BRDA:335,39,0,0
BRDA:335,39,1,0
BRDA:335,40,0,0
BRDA:335,40,1,0
BRDA:335,40,2,0
BRDA:336,41,0,0
BRDA:336,41,1,0
BRDA:361,42,0,0
BRDA:361,42,1,0
BRDA:364,43,0,0
BRDA:364,43,1,0
BRDA:364,44,0,0
BRDA:364,44,1,0
BRDA:365,45,0,0
BRDA:365,45,1,0
BRDA:367,46,0,0
BRDA:367,46,1,0
BRDA:373,47,0,0
BRDA:373,47,1,0
BRDA:396,48,0,0
BRDA:396,48,1,0
BRDA:417,49,0,0
BRDA:417,49,1,0
BRDA:421,50,0,0
BRDA:421,50,1,0
BRDA:421,51,0,0
BRDA:421,51,1,0
BRDA:461,52,0,0
BRDA:461,52,1,0
BRDA:490,53,0,0
BRDA:490,53,1,0
BRDA:494,54,0,0
BRDA:494,54,1,0
BRDA:497,55,0,0
BRDA:497,55,1,0
BRDA:514,56,0,0
BRDA:514,56,1,0
BRDA:519,57,0,0
BRDA:519,57,1,0
BRDA:528,58,0,0
BRDA:528,58,1,0
BRDA:532,59,0,0
BRDA:532,59,1,0
BRDA:536,60,0,0
BRDA:536,60,1,0
BRDA:536,60,2,0
BRDA:536,60,3,0
BRDA:536,60,4,0
BRDA:540,61,0,0
BRDA:540,61,1,0
BRDA:550,62,0,0
BRDA:550,62,1,0
BRDA:553,63,0,0
BRDA:553,63,1,0
BRDA:556,64,0,0
BRDA:556,64,1,0
BRDA:557,65,0,0
BRDA:557,65,1,0
BRDA:564,66,0,0
BRDA:564,66,1,0
BRDA:564,67,0,0
BRDA:564,67,1,0
BRDA:581,68,0,0
BRDA:581,68,1,0
BRDA:596,69,0,0
BRDA:596,69,1,0
BRDA:596,70,0,0
BRDA:596,70,1,0
BRDA:601,71,0,0
BRDA:601,71,1,0
BRDA:623,72,0,0
BRDA:623,72,1,0
BRDA:631,73,0,0
BRDA:631,73,1,0
BRDA:631,74,0,0
BRDA:631,74,1,0
BRDA:638,75,0,0
BRDA:638,75,1,0
BRDA:655,76,0,0
BRDA:655,76,1,0
BRDA:658,77,0,0
BRDA:658,77,1,0
BRDA:658,78,0,0
BRDA:658,78,1,0
BRDA:702,79,0,0
BRDA:702,79,1,0
BRDA:702,79,2,0
BRDA:702,79,3,0
BRDA:706,80,0,0
BRDA:706,80,1,0
BRDA:706,80,2,0
BRDA:706,80,3,0
BRDA:710,81,0,0
BRDA:710,81,1,0
BRDA:710,81,2,0
BRDA:710,81,3,0
BRDA:714,82,0,0
BRDA:714,82,1,0
BRDA:714,82,2,0
BRDA:714,82,3,0
BRDA:718,83,0,0
BRDA:718,83,1,0
BRDA:718,83,2,0
BRDA:718,83,3,0
BRF:185
BRH:0
end_of_record
TN:
SF:c:\Users\SmikleSmak\Documents\GitHub\xmpp.org\xmpp.org-theme\static\js\foundation.topbar.js
FN:1,(anonymous_0)
FN:22,(anonymous_1)
FN:30,(anonymous_2)
FN:65,(anonymous_3)
FN:87,(anonymous_4)
FN:157,(anonymous_5)
FN:163,(anonymous_6)
FN:167,(anonymous_7)
FN:181,(anonymous_8)
FN:220,(anonymous_9)
FN:246,(anonymous_10)
FN:248,(anonymous_11)
FN:253,(anonymous_12)
FN:264,(anonymous_13)
FN:290,(anonymous_14)
FN:297,(anonymous_15)
FN:300,(anonymous_16)
FN:305,(anonymous_17)
FN:307,(anonymous_18)
FN:348,(anonymous_19)
FN:352,(anonymous_20)
FN:356,(anonymous_21)
FN:360,(anonymous_22)
FN:364,(anonymous_23)
FN:372,(anonymous_24)
FN:405,(anonymous_25)
FN:409,(anonymous_26)
FN:413,(anonymous_27)
FN:420,(anonymous_28)
FN:423,(anonymous_29)
FN:428,(anonymous_30)
FN:451,(anonymous_31)
FN:456,(anonymous_32)
FNF:33
FNH:0
FNDA:0,(anonymous_0)
FNDA:0,(anonymous_1)
FNDA:0,(anonymous_2)
FNDA:0,(anonymous_3)
FNDA:0,(anonymous_4)
FNDA:0,(anonymous_5)
FNDA:0,(anonymous_6)
FNDA:0,(anonymous_7)
FNDA:0,(anonymous_8)
FNDA:0,(anonymous_9)
FNDA:0,(anonymous_10)
FNDA:0,(anonymous_11)
FNDA:0,(anonymous_12)
FNDA:0,(anonymous_13)
FNDA:0,(anonymous_14)
FNDA:0,(anonymous_15)
FNDA:0,(anonymous_16)
FNDA:0,(anonymous_17)
FNDA:0,(anonymous_18)
FNDA:0,(anonymous_19)
FNDA:0,(anonymous_20)
FNDA:0,(anonymous_21)
FNDA:0,(anonymous_22)
FNDA:0,(anonymous_23)
FNDA:0,(anonymous_24)
FNDA:0,(anonymous_25)
FNDA:0,(anonymous_26)
FNDA:0,(anonymous_27)
FNDA:0,(anonymous_28)
FNDA:0,(anonymous_29)
FNDA:0,(anonymous_30)
FNDA:0,(anonymous_31)
FNDA:0,(anonymous_32)
DA:1,0
DA:4,0
DA:23,0
DA:24,0
DA:26,0
DA:28,0
DA:30,0
DA:31,0
DA:32,0
DA:33,0
DA:34,0
DA:35,0
DA:36,0
DA:37,0
DA:38,0
DA:39,0
DA:40,0
DA:42,0
DA:45,0
DA:46,0
DA:49,0
DA:50,0
DA:52,0
DA:56,0
DA:58,0
DA:59,0
DA:66,0
DA:67,0
DA:68,0
DA:69,0
DA:71,0
DA:72,0
DA:74,0
DA:75,0
DA:77,0
DA:78,0
DA:80,0
DA:81,0
DA:84,0
DA:88,0
DA:91,0
DA:92,0
DA:94,0
DA:97,0
DA:99,0
DA:101,0
DA:102,0
DA:103,0
DA:104,0
DA:106,0
DA:107,0
DA:110,0
DA:111,0
DA:113,0
DA:118,0
DA:119,0
DA:120,0
DA:121,0
DA:122,0
DA:123,0
DA:125,0
DA:126,0
DA:127,0
DA:128,0
DA:129,0
DA:131,0
DA:133,0
DA:137,0
DA:138,0
DA:141,0
DA:142,0
DA:143,0
DA:144,0
DA:145,0
DA:147,0
DA:148,0
DA:149,0
DA:158,0
DA:159,0
DA:161,0
DA:164,0
DA:165,0
DA:168,0
DA:169,0
DA:170,0
DA:172,0
DA:173,0
DA:174,0
DA:176,0
DA:177,0
DA:182,0
DA:183,0
DA:184,0
DA:185,0
DA:187,0
DA:188,0
DA:189,0
DA:192,0
DA:193,0
DA:196,0
DA:197,0
DA:200,0
DA:202,0
DA:203,0
DA:208,0
DA:211,0
DA:213,0
DA:215,0
DA:216,0
DA:221,0
DA:223,0
DA:225,0
DA:226,0
DA:227,0
DA:228,0
DA:229,0
DA:231,0
DA:232,0
DA:234,0
DA:235,0
DA:236,0
DA:238,0
DA:239,0
DA:242,0
DA:246,0
DA:247,0
DA:250,0
DA:253,0
DA:254,0
DA:256,0
DA:257,0
DA:260,0
DA:264,0
DA:265,0
DA:267,0
DA:268,0
DA:269,0
DA:270,0
DA:271,0
DA:272,0
DA:274,0
DA:276,0
DA:277,0
DA:278,0
DA:280,0
DA:281,0
DA:284,0
DA:285,0
DA:287,0
DA:290,0
DA:291,0
DA:296,0
DA:298,0
DA:301,0
DA:306,0
DA:307,0
DA:308,0
DA:309,0
DA:311,0
DA:314,0
DA:315,0
DA:316,0
DA:322,0
DA:323,0
DA:327,0
DA:328,0
DA:330,0
DA:332,0
DA:333,0
DA:334,0
DA:337,0
DA:338,0
DA:340,0
DA:341,0
DA:349,0
DA:353,0
DA:357,0
DA:361,0
DA:365,0
DA:366,0
DA:367,0
DA:370,0
DA:372,0
DA:373,0
DA:374,0
DA:375,0
DA:378,0
DA:380,0
DA:381,0
DA:383,0
DA:387,0
DA:388,0
DA:390,0
DA:392,0
DA:397,0
DA:400,0
DA:402,0
DA:406,0
DA:410,0
DA:411,0
DA:413,0
DA:414,0
DA:417,0
DA:421,0
DA:423,0
DA:424,0
DA:429,0
DA:430,0
DA:431,0
DA:433,0
DA:434,0
DA:435,0
DA:436,0
DA:437,0
DA:438,0
DA:439,0
DA:441,0
DA:442,0
DA:443,0
DA:444,0
DA:452,0
DA:453,0
LF:222
LH:0
BRDA:36,0,0,0
BRDA:36,0,1,0
BRDA:36,1,0,0
BRDA:36,1,1,0
BRDA:45,2,0,0
BRDA:45,2,1,0
BRDA:49,3,0,0
BRDA:49,3,1,0
BRDA:58,4,0,0
BRDA:58,4,1,0
BRDA:71,5,0,0
BRDA:71,5,1,0
BRDA:71,6,0,0
BRDA:71,6,1,0
BRDA:74,7,0,0
BRDA:74,7,1,0
BRDA:74,8,0,0
BRDA:74,8,1,0
BRDA:74,8,2,0
BRDA:75,9,0,0
BRDA:75,9,1,0
BRDA:75,10,0,0
BRDA:75,10,1,0
BRDA:75,10,2,0
BRDA:77,11,0,0
BRDA:77,11,1,0
BRDA:77,12,0,0
BRDA:77,12,1,0
BRDA:77,12,2,0
BRDA:78,13,0,0
BRDA:78,13,1,0
BRDA:78,14,0,0
BRDA:78,14,1,0
BRDA:78,14,2,0
BRDA:80,15,0,0
BRDA:80,15,1,0
BRDA:80,16,0,0
BRDA:80,16,1,0
BRDA:80,16,2,0
BRDA:81,17,0,0
BRDA:81,17,1,0
BRDA:81,18,0,0
BRDA:81,18,1,0
BRDA:81,18,2,0
BRDA:91,19,0,0
BRDA:91,19,1,0
BRDA:101,20,0,0
BRDA:101,20,1,0
BRDA:102,21,0,0
BRDA:102,21,1,0
BRDA:118,22,0,0
BRDA:118,22,1,0
BRDA:119,23,0,0
BRDA:119,23,1,0
BRDA:120,24,0,0
BRDA:120,24,1,0
BRDA:125,25,0,0
BRDA:125,25,1,0
BRDA:126,26,0,0
BRDA:126,26,1,0
BRDA:137,27,0,0
BRDA:137,27,1,0
BRDA:141,28,0,0
BRDA:141,28,1,0
BRDA:142,29,0,0
BRDA:142,29,1,0
BRDA:172,30,0,0
BRDA:172,30,1,0
BRDA:172,31,0,0
BRDA:172,31,1,0
BRDA:176,32,0,0
BRDA:176,32,1,0
BRDA:176,33,0,0
BRDA:176,33,1,0
BRDA:176,33,2,0
BRDA:187,34,0,0
BRDA:187,34,1,0
BRDA:192,35,0,0
BRDA:192,35,1,0
BRDA:196,36,0,0
BRDA:196,36,1,0
BRDA:196,37,0,0
BRDA:196,37,1,0
BRDA:202,38,0,0
BRDA:202,38,1,0
BRDA:215,39,0,0
BRDA:215,39,1,0
BRDA:215,40,0,0
BRDA:215,40,1,0
BRDA:221,41,0,0
BRDA:221,41,1,0
BRDA:234,42,0,0
BRDA:234,42,1,0
BRDA:256,43,0,0
BRDA:256,43,1,0
BRDA:276,44,0,0
BRDA:276,44,1,0
BRDA:284,45,0,0
BRDA:284,45,1,0
BRDA:314,46,0,0
BRDA:314,46,1,0
BRDA:322,47,0,0
BRDA:322,47,1,0
BRDA:327,48,0,0
BRDA:327,48,1,0
BRDA:328,49,0,0
BRDA:328,49,1,0
BRDA:333,50,0,0
BRDA:333,50,1,0
BRDA:378,51,0,0
BRDA:378,51,1,0
BRDA:380,52,0,0
BRDA:380,52,1,0
BRDA:380,53,0,0
BRDA:380,53,1,0
BRDA:387,54,0,0
BRDA:387,54,1,0
BRDA:433,55,0,0
BRDA:433,55,1,0
BRDA:433,56,0,0
BRDA:433,56,1,0
BRDA:435,57,0,0
BRDA:435,57,1,0
BRDA:436,58,0,0
BRDA:436,58,1,0
BRDA:437,59,0,0
BRDA:437,59,1,0
BRDA:441,60,0,0
BRDA:441,60,1,0
BRDA:442,61,0,0
BRDA:442,61,1,0
BRF:131
BRH:0
end_of_record
